<?xml version="1.0" encoding="UTF-8"?>
<testsuite xmlns:xsi="http://www.w3.org/2001/XMLSchema-instance" xsi:noNamespaceSchemaLocation="https://maven.apache.org/surefire/maven-surefire-plugin/xsd/surefire-test-report.xsd" name="de.tzockt.rottenfleshtoleather.AppTest" time="0.036" tests="1" errors="0" skipped="0" failures="0">
  <properties>
    <property name="java.specification.version" value="17"/>
    <property name="sun.cpu.isalist" value="amd64"/>
    <property name="sun.jnu.encoding" value="Cp1252"/>
    <property name="java.class.path" value="f:\java\rotenfleshtoleather\target\test-classes;f:\java\rotenfleshtoleather\target\classes;C:\Users\praus\.m2\repository\junit\junit\4.11\junit-4.11.jar;C:\Users\praus\.m2\repository\org\hamcrest\hamcrest-core\1.3\hamcrest-core-1.3.jar;C:\Users\praus\.m2\repository\io\papermc\paper\paper-api\1.20-R0.1-SNAPSHOT\paper-api-1.20-R0.1-SNAPSHOT.jar;C:\Users\praus\.m2\repository\com\google\guava\guava\32.0.1-jre\guava-32.0.1-jre.jar;C:\Users\praus\.m2\repository\com\google\guava\failureaccess\1.0.1\failureaccess-1.0.1.jar;C:\Users\praus\.m2\repository\com\google\guava\listenablefuture\9999.0-empty-to-avoid-conflict-with-guava\listenablefuture-9999.0-empty-to-avoid-conflict-with-guava.jar;C:\Users\praus\.m2\repository\com\google\code\findbugs\jsr305\3.0.2\jsr305-3.0.2.jar;C:\Users\praus\.m2\repository\com\google\errorprone\error_prone_annotations\2.18.0\error_prone_annotations-2.18.0.jar;C:\Users\praus\.m2\repository\com\google\j2objc\j2objc-annotations\2.8\j2objc-annotations-2.8.jar;C:\Users\praus\.m2\repository\com\google\code\gson\gson\2.10.1\gson-2.10.1.jar;C:\Users\praus\.m2\repository\net\md-5\bungeecord-chat\1.16-R0.4-deprecated+build.9\bungeecord-chat-1.16-R0.4-deprecated+build.9.jar;C:\Users\praus\.m2\repository\org\yaml\snakeyaml\2.0\snakeyaml-2.0.jar;C:\Users\praus\.m2\repository\org\joml\joml\1.10.5\joml-1.10.5.jar;C:\Users\praus\.m2\repository\com\googlecode\json-simple\json-simple\1.1.1\json-simple-1.1.1.jar;C:\Users\praus\.m2\repository\it\unimi\dsi\fastutil\8.5.6\fastutil-8.5.6.jar;C:\Users\praus\.m2\repository\org\apache\logging\log4j\log4j-api\2.17.1\log4j-api-2.17.1.jar;C:\Users\praus\.m2\repository\org\slf4j\slf4j-api\1.7.36\slf4j-api-1.7.36.jar;C:\Users\praus\.m2\repository\org\apache\maven\maven-resolver-provider\3.9.2\maven-resolver-provider-3.9.2.jar;C:\Users\praus\.m2\repository\org\apache\maven\maven-model\3.9.2\maven-model-3.9.2.jar;C:\Users\praus\.m2\repository\org\apache\maven\maven-model-builder\3.9.2\maven-model-builder-3.9.2.jar;C:\Users\praus\.m2\repository\org\codehaus\plexus\plexus-interpolation\1.26\plexus-interpolation-1.26.jar;C:\Users\praus\.m2\repository\org\apache\maven\maven-artifact\3.9.2\maven-artifact-3.9.2.jar;C:\Users\praus\.m2\repository\org\apache\commons\commons-lang3\3.12.0\commons-lang3-3.12.0.jar;C:\Users\praus\.m2\repository\org\apache\maven\maven-builder-support\3.9.2\maven-builder-support-3.9.2.jar;C:\Users\praus\.m2\repository\org\eclipse\sisu\org.eclipse.sisu.inject\0.3.5\org.eclipse.sisu.inject-0.3.5.jar;C:\Users\praus\.m2\repository\org\apache\maven\maven-repository-metadata\3.9.2\maven-repository-metadata-3.9.2.jar;C:\Users\praus\.m2\repository\org\apache\maven\resolver\maven-resolver-api\1.9.10\maven-resolver-api-1.9.10.jar;C:\Users\praus\.m2\repository\org\apache\maven\resolver\maven-resolver-spi\1.9.10\maven-resolver-spi-1.9.10.jar;C:\Users\praus\.m2\repository\org\apache\maven\resolver\maven-resolver-util\1.9.10\maven-resolver-util-1.9.10.jar;C:\Users\praus\.m2\repository\org\apache\maven\resolver\maven-resolver-impl\1.9.10\maven-resolver-impl-1.9.10.jar;C:\Users\praus\.m2\repository\org\apache\maven\resolver\maven-resolver-named-locks\1.9.10\maven-resolver-named-locks-1.9.10.jar;C:\Users\praus\.m2\repository\org\codehaus\plexus\plexus-utils\3.5.1\plexus-utils-3.5.1.jar;C:\Users\praus\.m2\repository\javax\inject\javax.inject\1\javax.inject-1.jar;C:\Users\praus\.m2\repository\net\kyori\adventure-api\4.14.0\adventure-api-4.14.0.jar;C:\Users\praus\.m2\repository\net\kyori\adventure-key\4.14.0\adventure-key-4.14.0.jar;C:\Users\praus\.m2\repository\net\kyori\examination-api\1.3.0\examination-api-1.3.0.jar;C:\Users\praus\.m2\repository\net\kyori\examination-string\1.3.0\examination-string-1.3.0.jar;C:\Users\praus\.m2\repository\org\jetbrains\annotations\22.0.0\annotations-22.0.0.jar;C:\Users\praus\.m2\repository\net\kyori\adventure-text-minimessage\4.14.0\adventure-text-minimessage-4.14.0.jar;C:\Users\praus\.m2\repository\net\kyori\adventure-text-serializer-gson\4.14.0\adventure-text-serializer-gson-4.14.0.jar;C:\Users\praus\.m2\repository\net\kyori\adventure-text-serializer-json\4.14.0\adventure-text-serializer-json-4.14.0.jar;C:\Users\praus\.m2\repository\net\kyori\adventure-text-serializer-legacy\4.14.0\adventure-text-serializer-legacy-4.14.0.jar;C:\Users\praus\.m2\repository\net\kyori\adventure-text-serializer-plain\4.14.0\adventure-text-serializer-plain-4.14.0.jar;C:\Users\praus\.m2\repository\net\kyori\adventure-text-logger-slf4j\4.14.0\adventure-text-logger-slf4j-4.14.0.jar;C:\Users\praus\.m2\repository\org\checkerframework\checker-qual\3.12.0\checker-qual-3.12.0.jar;C:\Users\praus\.m2\repository\org\ow2\asm\asm\9.4\asm-9.4.jar;C:\Users\praus\.m2\repository\org\ow2\asm\asm-commons\9.4\asm-commons-9.4.jar;C:\Users\praus\.m2\repository\org\ow2\asm\asm-tree\9.4\asm-tree-9.4.jar;C:\Users\praus\.m2\repository\org\spigotmc\plugin-annotations\1.1.0-SNAPSHOT\plugin-annotations-1.1.0-SNAPSHOT.jar;C:\Users\praus\.m2\repository\org\bukkit\bukkit\1.12.2-R0.1-SNAPSHOT\bukkit-1.12.2-R0.1-SNAPSHOT.jar;C:\Users\praus\.m2\repository\commons-lang\commons-lang\2.6\commons-lang-2.6.jar;"/>
    <property name="java.vm.vendor" value="Eclipse Adoptium"/>
    <property name="sun.arch.data.model" value="64"/>
    <property name="user.variant" value=""/>
    <property name="java.vendor.url" value="https://adoptium.net/"/>
    <property name="user.timezone" value="Europe/Berlin"/>
    <property name="os.name" value="Windows 11"/>
    <property name="java.vm.specification.version" value="17"/>
    <property name="sun.java.launcher" value="SUN_STANDARD"/>
    <property name="user.country" value="DE"/>
    <property name="sun.boot.library.path" value="C:\Program Files\Eclipse Adoptium\jdk-17.0.5.8-hotspot\bin"/>
    <property name="sun.java.command" value="C:\Users\praus\AppData\Local\Temp\surefire2661010547231052219\surefirebooter3563822324338382278.jar C:\Users\praus\AppData\Local\Temp\surefire2661010547231052219 2023-06-26T22-21-12_014-jvmRun1 surefire15929168076103668347tmp surefire_018262139664688484988tmp"/>
    <property name="jdk.debug" value="release"/>
    <property name="surefire.test.class.path" value="f:\java\rotenfleshtoleather\target\test-classes;f:\java\rotenfleshtoleather\target\classes;C:\Users\praus\.m2\repository\junit\junit\4.11\junit-4.11.jar;C:\Users\praus\.m2\repository\org\hamcrest\hamcrest-core\1.3\hamcrest-core-1.3.jar;C:\Users\praus\.m2\repository\io\papermc\paper\paper-api\1.20-R0.1-SNAPSHOT\paper-api-1.20-R0.1-SNAPSHOT.jar;C:\Users\praus\.m2\repository\com\google\guava\guava\32.0.1-jre\guava-32.0.1-jre.jar;C:\Users\praus\.m2\repository\com\google\guava\failureaccess\1.0.1\failureaccess-1.0.1.jar;C:\Users\praus\.m2\repository\com\google\guava\listenablefuture\9999.0-empty-to-avoid-conflict-with-guava\listenablefuture-9999.0-empty-to-avoid-conflict-with-guava.jar;C:\Users\praus\.m2\repository\com\google\code\findbugs\jsr305\3.0.2\jsr305-3.0.2.jar;C:\Users\praus\.m2\repository\com\google\errorprone\error_prone_annotations\2.18.0\error_prone_annotations-2.18.0.jar;C:\Users\praus\.m2\repository\com\google\j2objc\j2objc-annotations\2.8\j2objc-annotations-2.8.jar;C:\Users\praus\.m2\repository\com\google\code\gson\gson\2.10.1\gson-2.10.1.jar;C:\Users\praus\.m2\repository\net\md-5\bungeecord-chat\1.16-R0.4-deprecated+build.9\bungeecord-chat-1.16-R0.4-deprecated+build.9.jar;C:\Users\praus\.m2\repository\org\yaml\snakeyaml\2.0\snakeyaml-2.0.jar;C:\Users\praus\.m2\repository\org\joml\joml\1.10.5\joml-1.10.5.jar;C:\Users\praus\.m2\repository\com\googlecode\json-simple\json-simple\1.1.1\json-simple-1.1.1.jar;C:\Users\praus\.m2\repository\it\unimi\dsi\fastutil\8.5.6\fastutil-8.5.6.jar;C:\Users\praus\.m2\repository\org\apache\logging\log4j\log4j-api\2.17.1\log4j-api-2.17.1.jar;C:\Users\praus\.m2\repository\org\slf4j\slf4j-api\1.7.36\slf4j-api-1.7.36.jar;C:\Users\praus\.m2\repository\org\apache\maven\maven-resolver-provider\3.9.2\maven-resolver-provider-3.9.2.jar;C:\Users\praus\.m2\repository\org\apache\maven\maven-model\3.9.2\maven-model-3.9.2.jar;C:\Users\praus\.m2\repository\org\apache\maven\maven-model-builder\3.9.2\maven-model-builder-3.9.2.jar;C:\Users\praus\.m2\repository\org\codehaus\plexus\plexus-interpolation\1.26\plexus-interpolation-1.26.jar;C:\Users\praus\.m2\repository\org\apache\maven\maven-artifact\3.9.2\maven-artifact-3.9.2.jar;C:\Users\praus\.m2\repository\org\apache\commons\commons-lang3\3.12.0\commons-lang3-3.12.0.jar;C:\Users\praus\.m2\repository\org\apache\maven\maven-builder-support\3.9.2\maven-builder-support-3.9.2.jar;C:\Users\praus\.m2\repository\org\eclipse\sisu\org.eclipse.sisu.inject\0.3.5\org.eclipse.sisu.inject-0.3.5.jar;C:\Users\praus\.m2\repository\org\apache\maven\maven-repository-metadata\3.9.2\maven-repository-metadata-3.9.2.jar;C:\Users\praus\.m2\repository\org\apache\maven\resolver\maven-resolver-api\1.9.10\maven-resolver-api-1.9.10.jar;C:\Users\praus\.m2\repository\org\apache\maven\resolver\maven-resolver-spi\1.9.10\maven-resolver-spi-1.9.10.jar;C:\Users\praus\.m2\repository\org\apache\maven\resolver\maven-resolver-util\1.9.10\maven-resolver-util-1.9.10.jar;C:\Users\praus\.m2\repository\org\apache\maven\resolver\maven-resolver-impl\1.9.10\maven-resolver-impl-1.9.10.jar;C:\Users\praus\.m2\repository\org\apache\maven\resolver\maven-resolver-named-locks\1.9.10\maven-resolver-named-locks-1.9.10.jar;C:\Users\praus\.m2\repository\org\codehaus\plexus\plexus-utils\3.5.1\plexus-utils-3.5.1.jar;C:\Users\praus\.m2\repository\javax\inject\javax.inject\1\javax.inject-1.jar;C:\Users\praus\.m2\repository\net\kyori\adventure-api\4.14.0\adventure-api-4.14.0.jar;C:\Users\praus\.m2\repository\net\kyori\adventure-key\4.14.0\adventure-key-4.14.0.jar;C:\Users\praus\.m2\repository\net\kyori\examination-api\1.3.0\examination-api-1.3.0.jar;C:\Users\praus\.m2\repository\net\kyori\examination-string\1.3.0\examination-string-1.3.0.jar;C:\Users\praus\.m2\repository\org\jetbrains\annotations\22.0.0\annotations-22.0.0.jar;C:\Users\praus\.m2\repository\net\kyori\adventure-text-minimessage\4.14.0\adventure-text-minimessage-4.14.0.jar;C:\Users\praus\.m2\repository\net\kyori\adventure-text-serializer-gson\4.14.0\adventure-text-serializer-gson-4.14.0.jar;C:\Users\praus\.m2\repository\net\kyori\adventure-text-serializer-json\4.14.0\adventure-text-serializer-json-4.14.0.jar;C:\Users\praus\.m2\repository\net\kyori\adventure-text-serializer-legacy\4.14.0\adventure-text-serializer-legacy-4.14.0.jar;C:\Users\praus\.m2\repository\net\kyori\adventure-text-serializer-plain\4.14.0\adventure-text-serializer-plain-4.14.0.jar;C:\Users\praus\.m2\repository\net\kyori\adventure-text-logger-slf4j\4.14.0\adventure-text-logger-slf4j-4.14.0.jar;C:\Users\praus\.m2\repository\org\checkerframework\checker-qual\3.12.0\checker-qual-3.12.0.jar;C:\Users\praus\.m2\repository\org\ow2\asm\asm\9.4\asm-9.4.jar;C:\Users\praus\.m2\repository\org\ow2\asm\asm-commons\9.4\asm-commons-9.4.jar;C:\Users\praus\.m2\repository\org\ow2\asm\asm-tree\9.4\asm-tree-9.4.jar;C:\Users\praus\.m2\repository\org\spigotmc\plugin-annotations\1.1.0-SNAPSHOT\plugin-annotations-1.1.0-SNAPSHOT.jar;C:\Users\praus\.m2\repository\org\bukkit\bukkit\1.12.2-R0.1-SNAPSHOT\bukkit-1.12.2-R0.1-SNAPSHOT.jar;C:\Users\praus\.m2\repository\commons-lang\commons-lang\2.6\commons-lang-2.6.jar;"/>
    <property name="sun.cpu.endian" value="little"/>
    <property name="user.home" value="C:\Users\praus"/>
    <property name="user.language" value="de"/>
    <property name="java.specification.vendor" value="Oracle Corporation"/>
    <property name="java.version.date" value="2022-10-18"/>
    <property name="java.home" value="C:\Program Files\Eclipse Adoptium\jdk-17.0.5.8-hotspot"/>
    <property name="file.separator" value="\"/>
    <property name="basedir" value="f:\java\rotenfleshtoleather"/>
    <property name="java.vm.compressedOopsMode" value="Zero based"/>
    <property name="line.separator" value="&#10;"/>
    <property name="java.vm.specification.vendor" value="Oracle Corporation"/>
    <property name="java.specification.name" value="Java Platform API Specification"/>
    <property name="surefire.real.class.path" value="C:\Users\praus\AppData\Local\Temp\surefire2661010547231052219\surefirebooter3563822324338382278.jar"/>
    <property name="user.script" value=""/>
    <property name="sun.management.compiler" value="HotSpot 64-Bit Tiered Compilers"/>
    <property name="java.runtime.version" value="17.0.5+8"/>
    <property name="user.name" value="Tim"/>
    <property name="path.separator" value=";"/>
    <property name="os.version" value="10.0"/>
    <property name="java.runtime.name" value="OpenJDK Runtime Environment"/>
    <property name="file.encoding" value="Cp1252"/>
    <property name="java.vm.name" value="OpenJDK 64-Bit Server VM"/>
    <property name="java.vendor.version" value="Temurin-17.0.5+8"/>
    <property name="localRepository" value="C:\Users\praus\.m2\repository"/>
    <property name="java.vendor.url.bug" value="https://github.com/adoptium/adoptium-support/issues"/>
    <property name="java.io.tmpdir" value="C:\Users\praus\AppData\Local\Temp\"/>
    <property name="java.version" value="17.0.5"/>
    <property name="user.dir" value="f:\java\rotenfleshtoleather"/>
    <property name="os.arch" value="amd64"/>
    <property name="java.vm.specification.name" value="Java Virtual Machine Specification"/>
    <property name="sun.os.patch.level" value=""/>
    <property name="native.encoding" value="Cp1252"/>
    <property name="java.library.path" value="C:\Program Files\Eclipse Adoptium\jdk-17.0.5.8-hotspot\bin;C:\Windows\Sun\Java\bin;C:\Windows\system32;C:\Windows;C:\Program Files\Eclipse Adoptium\jdk-17.0.5.8-hotspot\bin;C:\Program Files (x86)\VMware\VMware Workstation\bin\;C:\Windows\system32;C:\Windows;C:\Windows\System32\Wbem;C:\Windows\System32\WindowsPowerShell\v1.0\;C:\Windows\System32\OpenSSH\;C:\Program Files\Microsoft VS Code\bin;C:\Program Files\NVIDIA Corporation\NVIDIA NvDLISR;C:\Program Files (x86)\NVIDIA Corporation\PhysX\Common;C:\Program Files\dotnet\;F:\apache-maven\bin;C:\Program Files (x86)\Touch Portal\plugins\adb\platform-tools;C:\Program Files (x86)\Gpg4win\..\GnuPG\bin;C:\Program Files\PuTTY\;C:\Program Files\Git\cmd;C:\Program Files\nodejs\;C:\Users\praus\AppData\Local\Programs\Python\Python311\Scripts\;C:\Users\praus\AppData\Local\Programs\Python\Python311\;C:\Users\praus\AppData\Local\Microsoft\WindowsApps;C:\Users\praus\AppData\Roaming\npm;."/>
    <property name="java.vm.info" value="mixed mode, sharing"/>
    <property name="java.vendor" value="Eclipse Adoptium"/>
    <property name="java.vm.version" value="17.0.5+8"/>
    <property name="sun.io.unicode.encoding" value="UnicodeLittle"/>
    <property name="java.class.version" value="61.0"/>
  </properties>
  <testcase name="shouldAnswerWithTrue" classname="de.tzockt.rottenfleshtoleather.AppTest" time="0.001"/>
</testsuite>