<?xml version="1.0" encoding="UTF-8"?>
<testsuite xmlns:xsi="http://www.w3.org/2001/XMLSchema-instance" xsi:noNamespaceSchemaLocation="https://maven.apache.org/surefire/maven-surefire-plugin/xsd/surefire-test-report.xsd" name="de.tzockt.rottenfleshtoleather.AppTest" time="0.04" tests="1" errors="0" skipped="0" failures="0">
  <properties>
    <property name="java.specification.version" value="17"/>
    <property name="sun.cpu.isalist" value="amd64"/>
    <property name="sun.jnu.encoding" value="Cp1252"/>
    <property name="java.class.path" value="f:\java\rotenfleshtoleader\target\test-classes;f:\java\rotenfleshtoleader\target\classes;C:\Users\praus\.m2\repository\junit\junit\4.11\junit-4.11.jar;C:\Users\praus\.m2\repository\org\hamcrest\hamcrest-core\1.3\hamcrest-core-1.3.jar;C:\Users\praus\.m2\repository\io\papermc\paper\paper-api\1.19.2-R0.1-SNAPSHOT\paper-api-1.19.2-R0.1-SNAPSHOT.jar;C:\Users\praus\.m2\repository\com\google\guava\guava\21.0\guava-21.0.jar;C:\Users\praus\.m2\repository\com\google\code\gson\gson\2.8.8\gson-2.8.8.jar;C:\Users\praus\.m2\repository\net\md-5\bungeecord-chat\1.16-R0.4-deprecated+build.6\bungeecord-chat-1.16-R0.4-deprecated+build.6.jar;C:\Users\praus\.m2\repository\org\yaml\snakeyaml\1.33\snakeyaml-1.33.jar;C:\Users\praus\.m2\repository\com\googlecode\json-simple\json-simple\1.1.1\json-simple-1.1.1.jar;C:\Users\praus\.m2\repository\it\unimi\dsi\fastutil\8.5.6\fastutil-8.5.6.jar;C:\Users\praus\.m2\repository\org\apache\logging\log4j\log4j-api\2.17.1\log4j-api-2.17.1.jar;C:\Users\praus\.m2\repository\org\slf4j\slf4j-api\1.7.36\slf4j-api-1.7.36.jar;C:\Users\praus\.m2\repository\net\kyori\adventure-api\4.11.0\adventure-api-4.11.0.jar;C:\Users\praus\.m2\repository\net\kyori\adventure-key\4.11.0\adventure-key-4.11.0.jar;C:\Users\praus\.m2\repository\net\kyori\examination-api\1.3.0\examination-api-1.3.0.jar;C:\Users\praus\.m2\repository\net\kyori\examination-string\1.3.0\examination-string-1.3.0.jar;C:\Users\praus\.m2\repository\org\jetbrains\annotations\22.0.0\annotations-22.0.0.jar;C:\Users\praus\.m2\repository\net\kyori\adventure-text-minimessage\4.11.0\adventure-text-minimessage-4.11.0.jar;C:\Users\praus\.m2\repository\net\kyori\adventure-text-serializer-gson\4.11.0\adventure-text-serializer-gson-4.11.0.jar;C:\Users\praus\.m2\repository\net\kyori\adventure-text-serializer-legacy\4.11.0\adventure-text-serializer-legacy-4.11.0.jar;C:\Users\praus\.m2\repository\net\kyori\adventure-text-serializer-plain\4.11.0\adventure-text-serializer-plain-4.11.0.jar;C:\Users\praus\.m2\repository\net\kyori\adventure-text-logger-slf4j\4.11.0\adventure-text-logger-slf4j-4.11.0.jar;C:\Users\praus\.m2\repository\org\checkerframework\checker-qual\3.12.0\checker-qual-3.12.0.jar;C:\Users\praus\.m2\repository\org\ow2\asm\asm\9.2\asm-9.2.jar;C:\Users\praus\.m2\repository\org\ow2\asm\asm-commons\9.2\asm-commons-9.2.jar;C:\Users\praus\.m2\repository\org\ow2\asm\asm-tree\9.2\asm-tree-9.2.jar;C:\Users\praus\.m2\repository\org\ow2\asm\asm-analysis\9.2\asm-analysis-9.2.jar;"/>
    <property name="java.vm.vendor" value="Eclipse Adoptium"/>
    <property name="sun.arch.data.model" value="64"/>
    <property name="user.variant" value=""/>
    <property name="java.vendor.url" value="https://adoptium.net/"/>
    <property name="user.timezone" value="Europe/Berlin"/>
    <property name="os.name" value="Windows 11"/>
    <property name="java.vm.specification.version" value="17"/>
    <property name="sun.java.launcher" value="SUN_STANDARD"/>
    <property name="user.country" value="DE"/>
    <property name="sun.boot.library.path" value="C:\Program Files\Eclipse Adoptium\jdk-17.0.5.8-hotspot\bin"/>
    <property name="sun.java.command" value="C:\Users\praus\AppData\Local\Temp\surefire9972311518886657934\surefirebooter18144935871602636008.jar C:\Users\praus\AppData\Local\Temp\surefire9972311518886657934 2022-11-15T17-30-57_833-jvmRun1 surefire3588936188768528506tmp surefire_03702962571228684391tmp"/>
    <property name="jdk.debug" value="release"/>
    <property name="surefire.test.class.path" value="f:\java\rotenfleshtoleader\target\test-classes;f:\java\rotenfleshtoleader\target\classes;C:\Users\praus\.m2\repository\junit\junit\4.11\junit-4.11.jar;C:\Users\praus\.m2\repository\org\hamcrest\hamcrest-core\1.3\hamcrest-core-1.3.jar;C:\Users\praus\.m2\repository\io\papermc\paper\paper-api\1.19.2-R0.1-SNAPSHOT\paper-api-1.19.2-R0.1-SNAPSHOT.jar;C:\Users\praus\.m2\repository\com\google\guava\guava\21.0\guava-21.0.jar;C:\Users\praus\.m2\repository\com\google\code\gson\gson\2.8.8\gson-2.8.8.jar;C:\Users\praus\.m2\repository\net\md-5\bungeecord-chat\1.16-R0.4-deprecated+build.6\bungeecord-chat-1.16-R0.4-deprecated+build.6.jar;C:\Users\praus\.m2\repository\org\yaml\snakeyaml\1.33\snakeyaml-1.33.jar;C:\Users\praus\.m2\repository\com\googlecode\json-simple\json-simple\1.1.1\json-simple-1.1.1.jar;C:\Users\praus\.m2\repository\it\unimi\dsi\fastutil\8.5.6\fastutil-8.5.6.jar;C:\Users\praus\.m2\repository\org\apache\logging\log4j\log4j-api\2.17.1\log4j-api-2.17.1.jar;C:\Users\praus\.m2\repository\org\slf4j\slf4j-api\1.7.36\slf4j-api-1.7.36.jar;C:\Users\praus\.m2\repository\net\kyori\adventure-api\4.11.0\adventure-api-4.11.0.jar;C:\Users\praus\.m2\repository\net\kyori\adventure-key\4.11.0\adventure-key-4.11.0.jar;C:\Users\praus\.m2\repository\net\kyori\examination-api\1.3.0\examination-api-1.3.0.jar;C:\Users\praus\.m2\repository\net\kyori\examination-string\1.3.0\examination-string-1.3.0.jar;C:\Users\praus\.m2\repository\org\jetbrains\annotations\22.0.0\annotations-22.0.0.jar;C:\Users\praus\.m2\repository\net\kyori\adventure-text-minimessage\4.11.0\adventure-text-minimessage-4.11.0.jar;C:\Users\praus\.m2\repository\net\kyori\adventure-text-serializer-gson\4.11.0\adventure-text-serializer-gson-4.11.0.jar;C:\Users\praus\.m2\repository\net\kyori\adventure-text-serializer-legacy\4.11.0\adventure-text-serializer-legacy-4.11.0.jar;C:\Users\praus\.m2\repository\net\kyori\adventure-text-serializer-plain\4.11.0\adventure-text-serializer-plain-4.11.0.jar;C:\Users\praus\.m2\repository\net\kyori\adventure-text-logger-slf4j\4.11.0\adventure-text-logger-slf4j-4.11.0.jar;C:\Users\praus\.m2\repository\org\checkerframework\checker-qual\3.12.0\checker-qual-3.12.0.jar;C:\Users\praus\.m2\repository\org\ow2\asm\asm\9.2\asm-9.2.jar;C:\Users\praus\.m2\repository\org\ow2\asm\asm-commons\9.2\asm-commons-9.2.jar;C:\Users\praus\.m2\repository\org\ow2\asm\asm-tree\9.2\asm-tree-9.2.jar;C:\Users\praus\.m2\repository\org\ow2\asm\asm-analysis\9.2\asm-analysis-9.2.jar;"/>
    <property name="sun.cpu.endian" value="little"/>
    <property name="user.home" value="C:\Users\praus"/>
    <property name="user.language" value="de"/>
    <property name="java.specification.vendor" value="Oracle Corporation"/>
    <property name="java.version.date" value="2022-10-18"/>
    <property name="java.home" value="C:\Program Files\Eclipse Adoptium\jdk-17.0.5.8-hotspot"/>
    <property name="file.separator" value="\"/>
    <property name="basedir" value="f:\java\rotenfleshtoleader"/>
    <property name="java.vm.compressedOopsMode" value="Zero based"/>
    <property name="line.separator" value="&#10;"/>
    <property name="java.vm.specification.vendor" value="Oracle Corporation"/>
    <property name="java.specification.name" value="Java Platform API Specification"/>
    <property name="surefire.real.class.path" value="C:\Users\praus\AppData\Local\Temp\surefire9972311518886657934\surefirebooter18144935871602636008.jar"/>
    <property name="user.script" value=""/>
    <property name="sun.management.compiler" value="HotSpot 64-Bit Tiered Compilers"/>
    <property name="java.runtime.version" value="17.0.5+8"/>
    <property name="user.name" value="Tim"/>
    <property name="path.separator" value=";"/>
    <property name="os.version" value="10.0"/>
    <property name="java.runtime.name" value="OpenJDK Runtime Environment"/>
    <property name="file.encoding" value="Cp1252"/>
    <property name="java.vm.name" value="OpenJDK 64-Bit Server VM"/>
    <property name="java.vendor.version" value="Temurin-17.0.5+8"/>
    <property name="localRepository" value="C:\Users\praus\.m2\repository"/>
    <property name="java.vendor.url.bug" value="https://github.com/adoptium/adoptium-support/issues"/>
    <property name="java.io.tmpdir" value="C:\Users\praus\AppData\Local\Temp\"/>
    <property name="java.version" value="17.0.5"/>
    <property name="user.dir" value="f:\java\rotenfleshtoleader"/>
    <property name="os.arch" value="amd64"/>
    <property name="java.vm.specification.name" value="Java Virtual Machine Specification"/>
    <property name="sun.os.patch.level" value=""/>
    <property name="native.encoding" value="Cp1252"/>
    <property name="java.library.path" value="C:\Program Files\Eclipse Adoptium\jdk-17.0.5.8-hotspot\bin;C:\Windows\Sun\Java\bin;C:\Windows\system32;C:\Windows;C:\Program Files\Eclipse Adoptium\jdk-17.0.5.8-hotspot\bin;C:\Program Files (x86)\VMware\VMware Workstation\bin\;C:\Windows\system32;C:\Windows;C:\Windows\System32\Wbem;C:\Windows\System32\WindowsPowerShell\v1.0\;C:\Windows\System32\OpenSSH\;C:\Program Files\PuTTY\;C:\Program Files\Microsoft VS Code\bin;C:\Program Files\NVIDIA Corporation\NVIDIA NvDLISR;C:\Program Files (x86)\NVIDIA Corporation\PhysX\Common;C:\Program Files\dotnet\;C:\Program Files\Git\cmd;C:\Program Files (x86)\Gpg4win\..\GnuPG\bin;F:\apache-maven\bin;C:\Users\praus\AppData\Local\Programs\Python\Python311\Scripts\;C:\Users\praus\AppData\Local\Programs\Python\Python311\;C:\Users\praus\AppData\Local\Microsoft\WindowsApps;;."/>
    <property name="java.vm.info" value="mixed mode, sharing"/>
    <property name="java.vendor" value="Eclipse Adoptium"/>
    <property name="java.vm.version" value="17.0.5+8"/>
    <property name="sun.io.unicode.encoding" value="UnicodeLittle"/>
    <property name="java.class.version" value="61.0"/>
  </properties>
  <testcase name="shouldAnswerWithTrue" classname="de.tzockt.rottenfleshtoleather.AppTest" time="0.003"/>
</testsuite>